<?xml version="1.0" encoding="UTF-8"?>
<!-- Generated by org.testng.reporters.JUnitReportReporter -->
<testsuite ignored="4" hostname="LAPTOP-DMU344E3" failures="0" tests="5" name="testNG.phpTravels_hwB" time="2.940" errors="0" timestamp="29 Mar 2020 18:51:11 GMT" skipped="0">
  <testcase classname="testNG.phpTravels_hwB" name="validateTitle" time="0.517"/>
  <testcase classname="testNG.phpTravels_hwB" name="validateUrl" time="0.514"/>
  <testcase classname="testNG.phpTravels_hwB" name="validateConfirmPassword" time="0.680"/>
  <testcase classname="testNG.phpTravels_hwB" name="validatePassword" time="0.679"/>
  <testcase classname="testNG.phpTravels_hwB" name="validateSignUp" time="0.550"/>
  <testcase classname="testNG.phpTravels_hwB" name="validateEmail">
    <skipped/>
  </testcase> <!-- validateEmail -->
  <testcase classname="testNG.phpTravels_hwB" name="validateFirstName">
    <skipped/>
  </testcase> <!-- validateFirstName -->
  <testcase classname="testNG.phpTravels_hwB" name="validatePhone">
    <skipped/>
  </testcase> <!-- validatePhone -->
  <testcase classname="testNG.phpTravels_hwB" name="validateLastName">
    <skipped/>
  </testcase> <!-- validateLastName -->
</testsuite> <!-- testNG.phpTravels_hwB -->
