<?xml version="1.0" encoding="UTF-8"?>
<!-- Generated by org.testng.reporters.JUnitReportReporter -->
<testsuite ignored="4" hostname="LAPTOP-DMU344E3" failures="0" tests="5" name="testNG.phpTravels_hwB" time="2.967" errors="0" timestamp="31 Mar 2020 05:18:03 GMT" skipped="0">
  <testcase classname="testNG.phpTravels_hwB" name="validateConfirmPassword" time="0.672"/>
  <testcase classname="testNG.phpTravels_hwB" name="validateUrl" time="0.520"/>
  <testcase classname="testNG.phpTravels_hwB" name="validateSignUp" time="0.555"/>
  <testcase classname="testNG.phpTravels_hwB" name="validateTitle" time="0.532"/>
  <testcase classname="testNG.phpTravels_hwB" name="validatePassword" time="0.688"/>
  <testcase classname="testNG.phpTravels_hwB" name="validateEmail">
    <skipped/>
  </testcase> <!-- validateEmail -->
  <testcase classname="testNG.phpTravels_hwB" name="validateFirstName">
    <skipped/>
  </testcase> <!-- validateFirstName -->
  <testcase classname="testNG.phpTravels_hwB" name="validatePhone">
    <skipped/>
  </testcase> <!-- validatePhone -->
  <testcase classname="testNG.phpTravels_hwB" name="validateLastName">
    <skipped/>
  </testcase> <!-- validateLastName -->
</testsuite> <!-- testNG.phpTravels_hwB -->
