<?xml version="1.0" encoding="UTF-8"?>
<!-- Generated by org.testng.reporters.JUnitReportReporter -->
<testsuite hostname="LAPTOP-DMU344E3" failures="0" tests="9" name="HomeWorkMar22.phpTravels_hwB" time="5.239" errors="0" timestamp="25 Mar 2020 04:43:48 GMT">
  <testcase classname="HomeWorkMar22.phpTravels_hwB" name="validateEmail" time="0.650"/>
  <testcase classname="HomeWorkMar22.phpTravels_hwB" name="validateFirstName" time="0.599"/>
  <testcase classname="HomeWorkMar22.phpTravels_hwB" name="validateLastName" time="0.598"/>
  <testcase classname="HomeWorkMar22.phpTravels_hwB" name="validateTitle" time="0.513"/>
  <testcase classname="HomeWorkMar22.phpTravels_hwB" name="validatePhone" time="0.628"/>
  <testcase classname="HomeWorkMar22.phpTravels_hwB" name="validateSignUp" time="0.535"/>
  <testcase classname="HomeWorkMar22.phpTravels_hwB" name="validatePassword" time="0.603"/>
  <testcase classname="HomeWorkMar22.phpTravels_hwB" name="validateUrl" time="0.513"/>
  <testcase classname="HomeWorkMar22.phpTravels_hwB" name="validateConfirmPassword" time="0.600"/>
</testsuite> <!-- HomeWorkMar22.phpTravels_hwB -->
