<?xml version="1.0" encoding="UTF-8"?>
<!-- Generated by org.testng.reporters.JUnitReportReporter -->
<testsuite hostname="LAPTOP-DMU344E3" failures="0" tests="13" name="HomeWorkMar22.yahooAccount_hwC" time="8.560" errors="0" timestamp="27 Mar 2020 22:41:17 GMT">
  <testcase classname="HomeWorkMar22.yahooAccount_hwC" name="validatePhone" time="0.727"/>
  <testcase classname="HomeWorkMar22.yahooAccount_hwC" name="validateYear" time="0.667"/>
  <testcase classname="HomeWorkMar22.yahooAccount_hwC" name="validateDate" time="0.646"/>
  <testcase classname="HomeWorkMar22.yahooAccount_hwC" name="validatePrivacyPolicy" time="0.559"/>
  <testcase classname="HomeWorkMar22.yahooAccount_hwC" name="validateSignIn" time="0.558"/>
  <testcase classname="HomeWorkMar22.yahooAccount_hwC" name="validateContinueButton" time="0.552"/>
  <testcase classname="HomeWorkMar22.yahooAccount_hwC" name="validateGender" time="0.672"/>
  <testcase classname="HomeWorkMar22.yahooAccount_hwC" name="validateFirstName" time="0.731"/>
  <testcase classname="HomeWorkMar22.yahooAccount_hwC" name="validateLastName" time="0.680"/>
  <testcase classname="HomeWorkMar22.yahooAccount_hwC" name="validateMonth" time="0.702"/>
  <testcase classname="HomeWorkMar22.yahooAccount_hwC" name="validateTerms" time="0.558"/>
  <testcase classname="HomeWorkMar22.yahooAccount_hwC" name="validateId" time="0.758"/>
  <testcase classname="HomeWorkMar22.yahooAccount_hwC" name="validatePassword" time="0.750"/>
</testsuite> <!-- HomeWorkMar22.yahooAccount_hwC -->
