<?xml version="1.0" encoding="UTF-8"?>
<!-- Generated by org.testng.reporters.JUnitReportReporter -->
<testsuite hostname="LAPTOP-DMU344E3" failures="0" tests="23" name="HomeWorkMar22.automationPractice_hwD" time="14.643" errors="0" timestamp="31 Mar 2020 17:48:19 GMT">
  <testcase classname="HomeWorkMar22.automationPractice_hwD" name="validateTitleMr" time="0.597"/>
  <testcase classname="HomeWorkMar22.automationPractice_hwD" name="validateSpecials" time="0.733"/>
  <testcase classname="HomeWorkMar22.automationPractice_hwD" name="validateDate" time="0.622"/>
  <testcase classname="HomeWorkMar22.automationPractice_hwD" name="validateAlias" time="0.660"/>
  <testcase classname="HomeWorkMar22.automationPractice_hwD" name="validateHomePhone" time="0.668"/>
  <testcase classname="HomeWorkMar22.automationPractice_hwD" name="validateYear" time="0.624"/>
  <testcase classname="HomeWorkMar22.automationPractice_hwD" name="validateSpecialOffers" time="0.591"/>
  <testcase classname="HomeWorkMar22.automationPractice_hwD" name="validateNewsLetter" time="0.588"/>
  <testcase classname="HomeWorkMar22.automationPractice_hwD" name="validateLastName" time="0.652"/>
  <testcase classname="HomeWorkMar22.automationPractice_hwD" name="validateCompany" time="0.681"/>
  <testcase classname="HomeWorkMar22.automationPractice_hwD" name="validatePassword" time="0.654"/>
  <testcase classname="HomeWorkMar22.automationPractice_hwD" name="validateMonth" time="0.717"/>
  <testcase classname="HomeWorkMar22.automationPractice_hwD" name="validateAddress" time="0.814"/>
  <testcase classname="HomeWorkMar22.automationPractice_hwD" name="validateCity" time="0.647"/>
  <testcase classname="HomeWorkMar22.automationPractice_hwD" name="validateRegister" time="0.538"/>
  <testcase classname="HomeWorkMar22.automationPractice_hwD" name="validateFirstName" time="0.637"/>
  <testcase classname="HomeWorkMar22.automationPractice_hwD" name="validateUrl" time="0.513"/>
  <testcase classname="HomeWorkMar22.automationPractice_hwD" name="validateAdditionalInformation" time="0.665"/>
  <testcase classname="HomeWorkMar22.automationPractice_hwD" name="validateMobilePhone" time="0.670"/>
  <testcase classname="HomeWorkMar22.automationPractice_hwD" name="valdateZipCode" time="0.629"/>
  <testcase classname="HomeWorkMar22.automationPractice_hwD" name="valdateState" time="0.628"/>
  <testcase classname="HomeWorkMar22.automationPractice_hwD" name="validateCreateAccount" time="0.602"/>
  <testcase classname="HomeWorkMar22.automationPractice_hwD" name="validateTitle" time="0.513"/>
</testsuite> <!-- HomeWorkMar22.automationPractice_hwD -->
