<?xml version="1.0" encoding="UTF-8"?>
<!-- Generated by org.testng.reporters.JUnitReportReporter -->
<testsuite hostname="LAPTOP-DMU344E3" failures="0" tests="9" name="HomeWorkMar15.phpTravelsTestNG" time="5.313" errors="0" timestamp="24 Mar 2020 18:16:07 GMT">
  <testcase classname="HomeWorkMar15.phpTravelsTestNG" name="validateEmail" time="0.653"/>
  <testcase classname="HomeWorkMar15.phpTravelsTestNG" name="validatePassword" time="0.599"/>
  <testcase classname="HomeWorkMar15.phpTravelsTestNG" name="validateTitle" time="0.513"/>
  <testcase classname="HomeWorkMar15.phpTravelsTestNG" name="validateLastName" time="0.643"/>
  <testcase classname="HomeWorkMar15.phpTravelsTestNG" name="validateFirstName" time="0.634"/>
  <testcase classname="HomeWorkMar15.phpTravelsTestNG" name="validateUrl" time="0.512"/>
  <testcase classname="HomeWorkMar15.phpTravelsTestNG" name="validateSignUp" time="0.534"/>
  <testcase classname="HomeWorkMar15.phpTravelsTestNG" name="validateConfirmPassword" time="0.610"/>
  <testcase classname="HomeWorkMar15.phpTravelsTestNG" name="validatePhone" time="0.615"/>
</testsuite> <!-- HomeWorkMar15.phpTravelsTestNG -->
