<?xml version="1.0" encoding="UTF-8"?>
<!-- Generated by org.testng.reporters.JUnitReportReporter -->
<testsuite hostname="LAPTOP-DMU344E3" failures="0" tests="14" name="HomeWorkMar22.pageNewTours_hwA" time="9.184" errors="0" timestamp="27 Mar 2020 22:41:17 GMT">
  <testcase classname="HomeWorkMar22.pageNewTours_hwA" name="validateUrl" time="0.517"/>
  <testcase classname="HomeWorkMar22.pageNewTours_hwA" name="validateTitle" time="0.516"/>
  <testcase classname="HomeWorkMar22.pageNewTours_hwA" name="validateEmail" time="0.734"/>
  <testcase classname="HomeWorkMar22.pageNewTours_hwA" name="validatePostalCode" time="0.645"/>
  <testcase classname="HomeWorkMar22.pageNewTours_hwA" name="validateSubmit" time="0.579"/>
  <testcase classname="HomeWorkMar22.pageNewTours_hwA" name="validateCity" time="0.659"/>
  <testcase classname="HomeWorkMar22.pageNewTours_hwA" name="validateUserName" time="0.651"/>
  <testcase classname="HomeWorkMar22.pageNewTours_hwA" name="validatePassword" time="0.648"/>
  <testcase classname="HomeWorkMar22.pageNewTours_hwA" name="validateFirstName" time="0.709"/>
  <testcase classname="HomeWorkMar22.pageNewTours_hwA" name="validateAddress" time="0.795"/>
  <testcase classname="HomeWorkMar22.pageNewTours_hwA" name="validatePhone" time="0.735"/>
  <testcase classname="HomeWorkMar22.pageNewTours_hwA" name="validateState" time="0.669"/>
  <testcase classname="HomeWorkMar22.pageNewTours_hwA" name="validateConfirmPassword" time="0.667"/>
  <testcase classname="HomeWorkMar22.pageNewTours_hwA" name="validateLastName" time="0.660"/>
</testsuite> <!-- HomeWorkMar22.pageNewTours_hwA -->
