<?xml version="1.0" encoding="UTF-8"?>
<!-- Generated by org.testng.reporters.JUnitReportReporter -->
<testsuite hostname="LAPTOP-DMU344E3" failures="0" tests="23" name="HomeWorkMar22.automationPractice_hwD" time="13.830" errors="0" timestamp="25 Mar 2020 04:43:48 GMT">
  <testcase classname="HomeWorkMar22.automationPractice_hwD" name="validateCity" time="0.593"/>
  <testcase classname="HomeWorkMar22.automationPractice_hwD" name="validateAddress" time="0.700"/>
  <testcase classname="HomeWorkMar22.automationPractice_hwD" name="validateTitle" time="0.513"/>
  <testcase classname="HomeWorkMar22.automationPractice_hwD" name="validateFirstName" time="0.590"/>
  <testcase classname="HomeWorkMar22.automationPractice_hwD" name="validateAlias" time="0.618"/>
  <testcase classname="HomeWorkMar22.automationPractice_hwD" name="validateRegister" time="0.537"/>
  <testcase classname="HomeWorkMar22.automationPractice_hwD" name="validateYear" time="0.605"/>
  <testcase classname="HomeWorkMar22.automationPractice_hwD" name="valdateState" time="0.595"/>
  <testcase classname="HomeWorkMar22.automationPractice_hwD" name="validateMobilePhone" time="0.603"/>
  <testcase classname="HomeWorkMar22.automationPractice_hwD" name="validateNewsLetter" time="0.571"/>
  <testcase classname="HomeWorkMar22.automationPractice_hwD" name="validateHomePhone" time="0.606"/>
  <testcase classname="HomeWorkMar22.automationPractice_hwD" name="validateTitleMr" time="0.575"/>
  <testcase classname="HomeWorkMar22.automationPractice_hwD" name="valdateZipCode" time="0.591"/>
  <testcase classname="HomeWorkMar22.automationPractice_hwD" name="validateUrl" time="0.515"/>
  <testcase classname="HomeWorkMar22.automationPractice_hwD" name="validateCreateAccount" time="0.596"/>
  <testcase classname="HomeWorkMar22.automationPractice_hwD" name="validateCompany" time="0.638"/>
  <testcase classname="HomeWorkMar22.automationPractice_hwD" name="validateMonth" time="0.672"/>
  <testcase classname="HomeWorkMar22.automationPractice_hwD" name="validateDate" time="0.610"/>
  <testcase classname="HomeWorkMar22.automationPractice_hwD" name="validateSpecialOffers" time="0.601"/>
  <testcase classname="HomeWorkMar22.automationPractice_hwD" name="validateSpecials" time="0.686"/>
  <testcase classname="HomeWorkMar22.automationPractice_hwD" name="validatePassword" time="0.609"/>
  <testcase classname="HomeWorkMar22.automationPractice_hwD" name="validateLastName" time="0.602"/>
  <testcase classname="HomeWorkMar22.automationPractice_hwD" name="validateAdditionalInformation" time="0.604"/>
</testsuite> <!-- HomeWorkMar22.automationPractice_hwD -->
