<?xml version="1.0" encoding="UTF-8"?>
<!-- Generated by org.testng.reporters.JUnitReportReporter -->
<testsuite hostname="LAPTOP-DMU344E3" failures="0" tests="9" name="HomeWorkMar22.phpTravels_hwG" time="6.076" errors="0" timestamp="25 Mar 2020 05:06:25 GMT">
  <testcase classname="HomeWorkMar22.phpTravels_hwG" name="validatePassword" time="0.727"/>
  <testcase classname="HomeWorkMar22.phpTravels_hwG" name="validateEmail" time="0.838"/>
  <testcase classname="HomeWorkMar22.phpTravels_hwG" name="validateLastName" time="0.642"/>
  <testcase classname="HomeWorkMar22.phpTravels_hwG" name="validateSignUp" time="0.555"/>
  <testcase classname="HomeWorkMar22.phpTravels_hwG" name="validateFirstName" time="0.732"/>
  <testcase classname="HomeWorkMar22.phpTravels_hwG" name="validateUrl" time="0.516"/>
  <testcase classname="HomeWorkMar22.phpTravels_hwG" name="validatePhone" time="0.784"/>
  <testcase classname="HomeWorkMar22.phpTravels_hwG" name="validateConfirmPassword" time="0.769"/>
  <testcase classname="HomeWorkMar22.phpTravels_hwG" name="validateTitle" time="0.513"/>
</testsuite> <!-- HomeWorkMar22.phpTravels_hwG -->
