<?xml version="1.0" encoding="UTF-8"?>
<!-- Generated by org.testng.reporters.JUnitReportReporter -->
<testsuite hostname="LAPTOP-DMU344E3" failures="0" tests="13" name="HomeWorkMar22.yahooAccount_hwC" time="8.076" errors="0" timestamp="25 Mar 2020 00:37:44 GMT">
  <testcase classname="HomeWorkMar22.yahooAccount_hwC" name="validateLastName" time="0.634"/>
  <testcase classname="HomeWorkMar22.yahooAccount_hwC" name="validateTerms" time="0.547"/>
  <testcase classname="HomeWorkMar22.yahooAccount_hwC" name="validateGender" time="0.647"/>
  <testcase classname="HomeWorkMar22.yahooAccount_hwC" name="validatePrivacyPolicy" time="0.539"/>
  <testcase classname="HomeWorkMar22.yahooAccount_hwC" name="validateContinueButton" time="0.542"/>
  <testcase classname="HomeWorkMar22.yahooAccount_hwC" name="validatePhone" time="0.642"/>
  <testcase classname="HomeWorkMar22.yahooAccount_hwC" name="validateDate" time="0.636"/>
  <testcase classname="HomeWorkMar22.yahooAccount_hwC" name="validateMonth" time="0.652"/>
  <testcase classname="HomeWorkMar22.yahooAccount_hwC" name="validateYear" time="0.631"/>
  <testcase classname="HomeWorkMar22.yahooAccount_hwC" name="validateFirstName" time="0.657"/>
  <testcase classname="HomeWorkMar22.yahooAccount_hwC" name="validatePassword" time="0.703"/>
  <testcase classname="HomeWorkMar22.yahooAccount_hwC" name="validateSignIn" time="0.547"/>
  <testcase classname="HomeWorkMar22.yahooAccount_hwC" name="validateId" time="0.699"/>
</testsuite> <!-- HomeWorkMar22.yahooAccount_hwC -->
