<?xml version="1.0" encoding="UTF-8"?>
<!-- Generated by org.testng.reporters.JUnitReportReporter -->
<testsuite hostname="LAPTOP-DMU344E3" failures="0" tests="14" name="HomeWorkMar22.pageNewTours_hwG" time="9.823" errors="0" timestamp="25 Mar 2020 05:06:25 GMT">
  <testcase classname="HomeWorkMar22.pageNewTours_hwG" name="validateFirstName" time="0.735"/>
  <testcase classname="HomeWorkMar22.pageNewTours_hwG" name="validateAddress" time="0.924"/>
  <testcase classname="HomeWorkMar22.pageNewTours_hwG" name="validateEmail" time="0.819"/>
  <testcase classname="HomeWorkMar22.pageNewTours_hwG" name="validatePostalCode" time="0.691"/>
  <testcase classname="HomeWorkMar22.pageNewTours_hwG" name="validateUserName" time="0.732"/>
  <testcase classname="HomeWorkMar22.pageNewTours_hwG" name="validatePassword" time="0.757"/>
  <testcase classname="HomeWorkMar22.pageNewTours_hwG" name="validateSubmit" time="0.585"/>
  <testcase classname="HomeWorkMar22.pageNewTours_hwG" name="validateState" time="0.738"/>
  <testcase classname="HomeWorkMar22.pageNewTours_hwG" name="validateUrl" time="0.519"/>
  <testcase classname="HomeWorkMar22.pageNewTours_hwG" name="validateLastName" time="0.681"/>
  <testcase classname="HomeWorkMar22.pageNewTours_hwG" name="validateCity" time="0.732"/>
  <testcase classname="HomeWorkMar22.pageNewTours_hwG" name="validateTitle" time="0.514"/>
  <testcase classname="HomeWorkMar22.pageNewTours_hwG" name="validateConfirmPassword" time="0.698"/>
  <testcase classname="HomeWorkMar22.pageNewTours_hwG" name="validatePhone" time="0.698"/>
</testsuite> <!-- HomeWorkMar22.pageNewTours_hwG -->
