<?xml version="1.0" encoding="UTF-8"?>
<!-- Generated by org.testng.reporters.JUnitReportReporter -->
<testsuite hostname="LAPTOP-DMU344E3" failures="0" tests="9" name="HomeWorkMar15.phpTravelsTestNG" time="5.748" errors="0" timestamp="18 Mar 2020 06:08:50 GMT">
  <testcase classname="HomeWorkMar15.phpTravelsTestNG" name="validateEmail" time="0.752"/>
  <testcase classname="HomeWorkMar15.phpTravelsTestNG" name="validateLastName" time="0.701"/>
  <testcase classname="HomeWorkMar15.phpTravelsTestNG" name="validateSignUp" time="0.552"/>
  <testcase classname="HomeWorkMar15.phpTravelsTestNG" name="validateTitle" time="0.523"/>
  <testcase classname="HomeWorkMar15.phpTravelsTestNG" name="validateFirstName" time="0.697"/>
  <testcase classname="HomeWorkMar15.phpTravelsTestNG" name="validatePhone" time="0.679"/>
  <testcase classname="HomeWorkMar15.phpTravelsTestNG" name="validateConfirmPassword" time="0.656"/>
  <testcase classname="HomeWorkMar15.phpTravelsTestNG" name="validateUrl" time="0.519"/>
  <testcase classname="HomeWorkMar15.phpTravelsTestNG" name="validatePassword" time="0.669"/>
</testsuite> <!-- HomeWorkMar15.phpTravelsTestNG -->
