<?xml version="1.0" encoding="UTF-8"?>
<!-- Generated by org.testng.reporters.JUnitReportReporter -->
<testsuite hostname="LAPTOP-DMU344E3" failures="0" tests="23" name="HomeWorkMar15.automationPracticeTestNG" time="15.303" errors="0" timestamp="24 Mar 2020 22:22:29 GMT">
  <testcase classname="HomeWorkMar15.automationPracticeTestNG" name="validateTitleMr" time="1.333"/>
  <testcase classname="HomeWorkMar15.automationPracticeTestNG" name="validateCreateAccount" time="0.617"/>
  <testcase classname="HomeWorkMar15.automationPracticeTestNG" name="validateUrl" time="0.512"/>
  <testcase classname="HomeWorkMar15.automationPracticeTestNG" name="validateYear" time="0.618"/>
  <testcase classname="HomeWorkMar15.automationPracticeTestNG" name="validateSpecialOffers" time="0.582"/>
  <testcase classname="HomeWorkMar15.automationPracticeTestNG" name="validateFirstName" time="0.661"/>
  <testcase classname="HomeWorkMar15.automationPracticeTestNG" name="validateMonth" time="0.702"/>
  <testcase classname="HomeWorkMar15.automationPracticeTestNG" name="validateTitle" time="0.517"/>
  <testcase classname="HomeWorkMar15.automationPracticeTestNG" name="validateLastName" time="0.651"/>
  <testcase classname="HomeWorkMar15.automationPracticeTestNG" name="validateMobilePhone" time="0.650"/>
  <testcase classname="HomeWorkMar15.automationPracticeTestNG" name="validatePassword" time="0.658"/>
  <testcase classname="HomeWorkMar15.automationPracticeTestNG" name="validateHomePhone" time="0.665"/>
  <testcase classname="HomeWorkMar15.automationPracticeTestNG" name="validateCompany" time="0.681"/>
  <testcase classname="HomeWorkMar15.automationPracticeTestNG" name="validateAdditionalInformation" time="0.634"/>
  <testcase classname="HomeWorkMar15.automationPracticeTestNG" name="validateSpecials" time="0.717"/>
  <testcase classname="HomeWorkMar15.automationPracticeTestNG" name="valdateState" time="0.619"/>
  <testcase classname="HomeWorkMar15.automationPracticeTestNG" name="valdateZipCode" time="0.621"/>
  <testcase classname="HomeWorkMar15.automationPracticeTestNG" name="validateDate" time="0.638"/>
  <testcase classname="HomeWorkMar15.automationPracticeTestNG" name="validateNewsLetter" time="0.588"/>
  <testcase classname="HomeWorkMar15.automationPracticeTestNG" name="validateCity" time="0.633"/>
  <testcase classname="HomeWorkMar15.automationPracticeTestNG" name="validateAddress" time="0.793"/>
  <testcase classname="HomeWorkMar15.automationPracticeTestNG" name="validateAlias" time="0.674"/>
  <testcase classname="HomeWorkMar15.automationPracticeTestNG" name="validateRegister" time="0.539"/>
</testsuite> <!-- HomeWorkMar15.automationPracticeTestNG -->
