<?xml version="1.0" encoding="UTF-8"?>
<!-- Generated by org.testng.reporters.JUnitReportReporter -->
<testsuite hostname="LAPTOP-DMU344E3" failures="0" tests="23" name="HomeWorkMar15.automationPracticeTestNG" time="15.663" errors="0" timestamp="25 Mar 2020 04:56:57 GMT">
  <testcase classname="HomeWorkMar15.automationPracticeTestNG" name="validateTitleMr" time="1.386"/>
  <testcase classname="HomeWorkMar15.automationPracticeTestNG" name="validateCreateAccount" time="0.613"/>
  <testcase classname="HomeWorkMar15.automationPracticeTestNG" name="validateUrl" time="0.514"/>
  <testcase classname="HomeWorkMar15.automationPracticeTestNG" name="validateYear" time="0.625"/>
  <testcase classname="HomeWorkMar15.automationPracticeTestNG" name="validateSpecialOffers" time="0.588"/>
  <testcase classname="HomeWorkMar15.automationPracticeTestNG" name="validateFirstName" time="0.694"/>
  <testcase classname="HomeWorkMar15.automationPracticeTestNG" name="validateMonth" time="0.726"/>
  <testcase classname="HomeWorkMar15.automationPracticeTestNG" name="validateTitle" time="0.515"/>
  <testcase classname="HomeWorkMar15.automationPracticeTestNG" name="validateLastName" time="0.672"/>
  <testcase classname="HomeWorkMar15.automationPracticeTestNG" name="validateMobilePhone" time="0.666"/>
  <testcase classname="HomeWorkMar15.automationPracticeTestNG" name="validatePassword" time="0.686"/>
  <testcase classname="HomeWorkMar15.automationPracticeTestNG" name="validateHomePhone" time="0.675"/>
  <testcase classname="HomeWorkMar15.automationPracticeTestNG" name="validateCompany" time="0.692"/>
  <testcase classname="HomeWorkMar15.automationPracticeTestNG" name="validateAdditionalInformation" time="0.662"/>
  <testcase classname="HomeWorkMar15.automationPracticeTestNG" name="validateSpecials" time="0.729"/>
  <testcase classname="HomeWorkMar15.automationPracticeTestNG" name="valdateState" time="0.634"/>
  <testcase classname="HomeWorkMar15.automationPracticeTestNG" name="valdateZipCode" time="0.638"/>
  <testcase classname="HomeWorkMar15.automationPracticeTestNG" name="validateDate" time="0.640"/>
  <testcase classname="HomeWorkMar15.automationPracticeTestNG" name="validateNewsLetter" time="0.587"/>
  <testcase classname="HomeWorkMar15.automationPracticeTestNG" name="validateCity" time="0.649"/>
  <testcase classname="HomeWorkMar15.automationPracticeTestNG" name="validateAddress" time="0.834"/>
  <testcase classname="HomeWorkMar15.automationPracticeTestNG" name="validateAlias" time="0.690"/>
  <testcase classname="HomeWorkMar15.automationPracticeTestNG" name="validateRegister" time="0.548"/>
</testsuite> <!-- HomeWorkMar15.automationPracticeTestNG -->
