<?xml version="1.0" encoding="UTF-8"?>
<!-- Generated by org.testng.reporters.JUnitReportReporter -->
<testsuite hostname="LAPTOP-DMU344E3" failures="0" tests="14" name="HomeWorkMar22.pageNewTours_hwA" time="9.243" errors="0" timestamp="25 Mar 2020 05:05:27 GMT">
  <testcase classname="HomeWorkMar22.pageNewTours_hwA" name="validateConfirmPassword" time="0.665"/>
  <testcase classname="HomeWorkMar22.pageNewTours_hwA" name="validateCity" time="0.670"/>
  <testcase classname="HomeWorkMar22.pageNewTours_hwA" name="validateUserName" time="0.654"/>
  <testcase classname="HomeWorkMar22.pageNewTours_hwA" name="validatePhone" time="0.719"/>
  <testcase classname="HomeWorkMar22.pageNewTours_hwA" name="validateUrl" time="0.517"/>
  <testcase classname="HomeWorkMar22.pageNewTours_hwA" name="validatePostalCode" time="0.637"/>
  <testcase classname="HomeWorkMar22.pageNewTours_hwA" name="validateState" time="0.677"/>
  <testcase classname="HomeWorkMar22.pageNewTours_hwA" name="validateSubmit" time="0.570"/>
  <testcase classname="HomeWorkMar22.pageNewTours_hwA" name="validateTitle" time="0.518"/>
  <testcase classname="HomeWorkMar22.pageNewTours_hwA" name="validateFirstName" time="0.711"/>
  <testcase classname="HomeWorkMar22.pageNewTours_hwA" name="validateEmail" time="0.738"/>
  <testcase classname="HomeWorkMar22.pageNewTours_hwA" name="validatePassword" time="0.673"/>
  <testcase classname="HomeWorkMar22.pageNewTours_hwA" name="validateAddress" time="0.844"/>
  <testcase classname="HomeWorkMar22.pageNewTours_hwA" name="validateLastName" time="0.650"/>
</testsuite> <!-- HomeWorkMar22.pageNewTours_hwA -->
