<?xml version="1.0" encoding="UTF-8"?>
<!-- Generated by org.testng.reporters.JUnitReportReporter -->
<testsuite hostname="LAPTOP-DMU344E3" failures="0" tests="9" name="HomeWorkMar15.yahooAccountTestNG" time="10.364" errors="0" timestamp="18 Mar 2020 06:45:31 GMT">
  <testcase classname="HomeWorkMar15.yahooAccountTestNG" name="validatePassword" time="1.174"/>
  <testcase classname="HomeWorkMar15.yahooAccountTestNG" name="validateLastName" time="1.126"/>
  <testcase classname="HomeWorkMar15.yahooAccountTestNG" name="validateYear" time="1.121"/>
  <testcase classname="HomeWorkMar15.yahooAccountTestNG" name="validateGender" time="1.135"/>
  <testcase classname="HomeWorkMar15.yahooAccountTestNG" name="validateMonth" time="1.147"/>
  <testcase classname="HomeWorkMar15.yahooAccountTestNG" name="validateDate" time="1.105"/>
  <testcase classname="HomeWorkMar15.yahooAccountTestNG" name="validateFirstName" time="1.174"/>
  <testcase classname="HomeWorkMar15.yahooAccountTestNG" name="validateId" time="1.203"/>
  <testcase classname="HomeWorkMar15.yahooAccountTestNG" name="validatePhone" time="1.179"/>
</testsuite> <!-- HomeWorkMar15.yahooAccountTestNG -->
