<?xml version="1.0" encoding="UTF-8"?>
<!-- Generated by org.testng.reporters.JUnitReportReporter -->
<testsuite hostname="LAPTOP-DMU344E3" failures="0" tests="23" name="HomeWorkMar22.automationPractice_hwD" time="15.489" errors="0" timestamp="25 Mar 2020 05:05:27 GMT">
  <testcase classname="HomeWorkMar22.automationPractice_hwD" name="validateLastName" time="0.690"/>
  <testcase classname="HomeWorkMar22.automationPractice_hwD" name="validateHomePhone" time="0.732"/>
  <testcase classname="HomeWorkMar22.automationPractice_hwD" name="valdateZipCode" time="0.675"/>
  <testcase classname="HomeWorkMar22.automationPractice_hwD" name="validateCompany" time="0.725"/>
  <testcase classname="HomeWorkMar22.automationPractice_hwD" name="validateDate" time="0.664"/>
  <testcase classname="HomeWorkMar22.automationPractice_hwD" name="validateRegister" time="0.562"/>
  <testcase classname="HomeWorkMar22.automationPractice_hwD" name="validateAdditionalInformation" time="0.687"/>
  <testcase classname="HomeWorkMar22.automationPractice_hwD" name="validatePassword" time="0.707"/>
  <testcase classname="HomeWorkMar22.automationPractice_hwD" name="validateAddress" time="0.868"/>
  <testcase classname="HomeWorkMar22.automationPractice_hwD" name="validateNewsLetter" time="0.632"/>
  <testcase classname="HomeWorkMar22.automationPractice_hwD" name="validateFirstName" time="0.658"/>
  <testcase classname="HomeWorkMar22.automationPractice_hwD" name="validateMobilePhone" time="0.704"/>
  <testcase classname="HomeWorkMar22.automationPractice_hwD" name="validateCity" time="0.682"/>
  <testcase classname="HomeWorkMar22.automationPractice_hwD" name="validateUrl" time="0.513"/>
  <testcase classname="HomeWorkMar22.automationPractice_hwD" name="validateYear" time="0.672"/>
  <testcase classname="HomeWorkMar22.automationPractice_hwD" name="validateSpecials" time="0.821"/>
  <testcase classname="HomeWorkMar22.automationPractice_hwD" name="validateCreateAccount" time="0.640"/>
  <testcase classname="HomeWorkMar22.automationPractice_hwD" name="validateAlias" time="0.710"/>
  <testcase classname="HomeWorkMar22.automationPractice_hwD" name="validateTitleMr" time="0.599"/>
  <testcase classname="HomeWorkMar22.automationPractice_hwD" name="valdateState" time="0.663"/>
  <testcase classname="HomeWorkMar22.automationPractice_hwD" name="validateMonth" time="0.749"/>
  <testcase classname="HomeWorkMar22.automationPractice_hwD" name="validateTitle" time="0.516"/>
  <testcase classname="HomeWorkMar22.automationPractice_hwD" name="validateSpecialOffers" time="0.620"/>
</testsuite> <!-- HomeWorkMar22.automationPractice_hwD -->
