<?xml version="1.0" encoding="UTF-8"?>
<!-- Generated by org.testng.reporters.JUnitReportReporter -->
<testsuite ignored="0" hostname="LAPTOP-DMU344E3" failures="0" tests="42" name="HomeWorkMar22.pageNewTours_hwA" time="34.273" errors="0" timestamp="02 Apr 2020 19:02:09 GMT" skipped="0">
  <testcase classname="HomeWorkMar22.pageNewTours_hwA" name="validateFirstName" time="1.440"/>
  <testcase classname="HomeWorkMar22.pageNewTours_hwA" name="validateTitle" time="0.517"/>
  <testcase classname="HomeWorkMar22.pageNewTours_hwA" name="validateAddress" time="0.863"/>
  <testcase classname="HomeWorkMar22.pageNewTours_hwA" name="validateLastName" time="1.285"/>
  <testcase classname="HomeWorkMar22.pageNewTours_hwA" name="validatePostalCode" time="0.640"/>
  <testcase classname="HomeWorkMar22.pageNewTours_hwA" name="validateAddress" time="0.587"/>
  <testcase classname="HomeWorkMar22.pageNewTours_hwA" name="validatePostalCode" time="0.558"/>
  <testcase classname="HomeWorkMar22.pageNewTours_hwA" name="validateUserName" time="1.338"/>
  <testcase classname="HomeWorkMar22.pageNewTours_hwA" name="validateUrl" time="0.534"/>
  <testcase classname="HomeWorkMar22.pageNewTours_hwA" name="validateCity" time="0.728"/>
  <testcase classname="HomeWorkMar22.pageNewTours_hwA" name="validatePassword" time="0.574"/>
  <testcase classname="HomeWorkMar22.pageNewTours_hwA" name="validateAddress" time="1.507"/>
  <testcase classname="HomeWorkMar22.pageNewTours_hwA" name="validateEmail" time="0.567"/>
  <testcase classname="HomeWorkMar22.pageNewTours_hwA" name="validateEmail" time="0.840"/>
  <testcase classname="HomeWorkMar22.pageNewTours_hwA" name="validatePhone" time="1.299"/>
  <testcase classname="HomeWorkMar22.pageNewTours_hwA" name="validateCity" time="0.550"/>
  <testcase classname="HomeWorkMar22.pageNewTours_hwA" name="validateEmail" time="1.409"/>
  <testcase classname="HomeWorkMar22.pageNewTours_hwA" name="validatePostalCode" time="1.256"/>
  <testcase classname="HomeWorkMar22.pageNewTours_hwA" name="validatePassword" time="1.271"/>
  <testcase classname="HomeWorkMar22.pageNewTours_hwA" name="validateConfirmPassword" time="0.666"/>
  <testcase classname="HomeWorkMar22.pageNewTours_hwA" name="validateTitle" time="0.515"/>
  <testcase classname="HomeWorkMar22.pageNewTours_hwA" name="validateLastName" time="0.553"/>
  <testcase classname="HomeWorkMar22.pageNewTours_hwA" name="validateConfirmPassword" time="0.554"/>
  <testcase classname="HomeWorkMar22.pageNewTours_hwA" name="validateCity" time="1.324"/>
  <testcase classname="HomeWorkMar22.pageNewTours_hwA" name="validateSubmit" time="0.605"/>
  <testcase classname="HomeWorkMar22.pageNewTours_hwA" name="validateSubmit" time="0.641"/>
  <testcase classname="HomeWorkMar22.pageNewTours_hwA" name="validatePhone" time="0.720"/>
  <testcase classname="HomeWorkMar22.pageNewTours_hwA" name="validateState" time="1.270"/>
  <testcase classname="HomeWorkMar22.pageNewTours_hwA" name="validateTitle" time="0.509"/>
  <testcase classname="HomeWorkMar22.pageNewTours_hwA" name="validatePassword" time="0.736"/>
  <testcase classname="HomeWorkMar22.pageNewTours_hwA" name="validateUserName" time="0.541"/>
  <testcase classname="HomeWorkMar22.pageNewTours_hwA" name="validateUrl" time="0.509"/>
  <testcase classname="HomeWorkMar22.pageNewTours_hwA" name="validateFirstName" time="0.751"/>
  <testcase classname="HomeWorkMar22.pageNewTours_hwA" name="validateState" time="0.556"/>
  <testcase classname="HomeWorkMar22.pageNewTours_hwA" name="validateSubmit" time="1.048"/>
  <testcase classname="HomeWorkMar22.pageNewTours_hwA" name="validateUrl" time="0.518"/>
  <testcase classname="HomeWorkMar22.pageNewTours_hwA" name="validatePhone" time="0.559"/>
  <testcase classname="HomeWorkMar22.pageNewTours_hwA" name="validateUserName" time="0.650"/>
  <testcase classname="HomeWorkMar22.pageNewTours_hwA" name="validateFirstName" time="0.574"/>
  <testcase classname="HomeWorkMar22.pageNewTours_hwA" name="validateConfirmPassword" time="1.265"/>
  <testcase classname="HomeWorkMar22.pageNewTours_hwA" name="validateLastName" time="0.781"/>
  <testcase classname="HomeWorkMar22.pageNewTours_hwA" name="validateState" time="0.665"/>
</testsuite> <!-- HomeWorkMar22.pageNewTours_hwA -->
