<?xml version="1.0" encoding="UTF-8"?>
<!-- Generated by org.testng.reporters.JUnitReportReporter -->
<testsuite hostname="LAPTOP-DMU344E3" failures="0" tests="23" name="HomeWorkMar22.automationPractice_hwD" time="15.044" errors="0" timestamp="25 Mar 2020 00:37:44 GMT">
  <testcase classname="HomeWorkMar22.automationPractice_hwD" name="validateLastName" time="0.640"/>
  <testcase classname="HomeWorkMar22.automationPractice_hwD" name="valdateState" time="0.616"/>
  <testcase classname="HomeWorkMar22.automationPractice_hwD" name="validateFirstName" time="0.684"/>
  <testcase classname="HomeWorkMar22.automationPractice_hwD" name="validateMobilePhone" time="0.648"/>
  <testcase classname="HomeWorkMar22.automationPractice_hwD" name="validateTitle" time="0.529"/>
  <testcase classname="HomeWorkMar22.automationPractice_hwD" name="validateNewsLetter" time="0.575"/>
  <testcase classname="HomeWorkMar22.automationPractice_hwD" name="validateCompany" time="0.665"/>
  <testcase classname="HomeWorkMar22.automationPractice_hwD" name="validateSpecialOffers" time="0.592"/>
  <testcase classname="HomeWorkMar22.automationPractice_hwD" name="validateCreateAccount" time="0.597"/>
  <testcase classname="HomeWorkMar22.automationPractice_hwD" name="validateMonth" time="0.698"/>
  <testcase classname="HomeWorkMar22.automationPractice_hwD" name="validateCity" time="0.632"/>
  <testcase classname="HomeWorkMar22.automationPractice_hwD" name="validateSpecials" time="0.729"/>
  <testcase classname="HomeWorkMar22.automationPractice_hwD" name="valdateZipCode" time="0.635"/>
  <testcase classname="HomeWorkMar22.automationPractice_hwD" name="validateUrl" time="0.521"/>
  <testcase classname="HomeWorkMar22.automationPractice_hwD" name="validatePassword" time="0.658"/>
  <testcase classname="HomeWorkMar22.automationPractice_hwD" name="validateTitleMr" time="1.096"/>
  <testcase classname="HomeWorkMar22.automationPractice_hwD" name="validateDate" time="0.606"/>
  <testcase classname="HomeWorkMar22.automationPractice_hwD" name="validateAlias" time="0.668"/>
  <testcase classname="HomeWorkMar22.automationPractice_hwD" name="validateAddress" time="0.786"/>
  <testcase classname="HomeWorkMar22.automationPractice_hwD" name="validateYear" time="0.627"/>
  <testcase classname="HomeWorkMar22.automationPractice_hwD" name="validateHomePhone" time="0.668"/>
  <testcase classname="HomeWorkMar22.automationPractice_hwD" name="validateRegister" time="0.543"/>
  <testcase classname="HomeWorkMar22.automationPractice_hwD" name="validateAdditionalInformation" time="0.631"/>
</testsuite> <!-- HomeWorkMar22.automationPractice_hwD -->
