<?xml version="1.0" encoding="UTF-8"?>
<!-- Generated by org.testng.reporters.JUnitReportReporter -->
<testsuite hostname="LAPTOP-DMU344E3" failures="0" tests="9" name="HomeWorkMar22.phpTravels_hwG" time="5.324" errors="0" timestamp="25 Mar 2020 04:35:44 GMT">
  <testcase classname="HomeWorkMar22.phpTravels_hwG" name="validateFirstName" time="0.613"/>
  <testcase classname="HomeWorkMar22.phpTravels_hwG" name="validateTitle" time="0.511"/>
  <testcase classname="HomeWorkMar22.phpTravels_hwG" name="validateConfirmPassword" time="0.619"/>
  <testcase classname="HomeWorkMar22.phpTravels_hwG" name="validateUrl" time="0.516"/>
  <testcase classname="HomeWorkMar22.phpTravels_hwG" name="validatePhone" time="0.636"/>
  <testcase classname="HomeWorkMar22.phpTravels_hwG" name="validateEmail" time="0.692"/>
  <testcase classname="HomeWorkMar22.phpTravels_hwG" name="validateLastName" time="0.592"/>
  <testcase classname="HomeWorkMar22.phpTravels_hwG" name="validatePassword" time="0.610"/>
  <testcase classname="HomeWorkMar22.phpTravels_hwG" name="validateSignUp" time="0.535"/>
</testsuite> <!-- HomeWorkMar22.phpTravels_hwG -->
