<?xml version="1.0" encoding="UTF-8"?>
<!-- Generated by org.testng.reporters.JUnitReportReporter -->
<testsuite hostname="LAPTOP-DMU344E3" failures="0" tests="14" name="HomeWorkMar15.newToursTestNG" time="15.832" errors="0" timestamp="18 Mar 2020 06:07:58 GMT">
  <testcase classname="HomeWorkMar15.newToursTestNG" name="validateAddress" time="1.256"/>
  <testcase classname="HomeWorkMar15.newToursTestNG" name="validateFirstName" time="1.185"/>
  <testcase classname="HomeWorkMar15.newToursTestNG" name="validatePassword" time="1.134"/>
  <testcase classname="HomeWorkMar15.newToursTestNG" name="validateTitle" time="1.021"/>
  <testcase classname="HomeWorkMar15.newToursTestNG" name="validateUserName" time="1.129"/>
  <testcase classname="HomeWorkMar15.newToursTestNG" name="validateEmail" time="1.197"/>
  <testcase classname="HomeWorkMar15.newToursTestNG" name="validateUrl" time="1.019"/>
  <testcase classname="HomeWorkMar15.newToursTestNG" name="validatePhone" time="1.158"/>
  <testcase classname="HomeWorkMar15.newToursTestNG" name="validateConfirmPassword" time="1.130"/>
  <testcase classname="HomeWorkMar15.newToursTestNG" name="validatePostalCode" time="1.113"/>
  <testcase classname="HomeWorkMar15.newToursTestNG" name="validateSubmit" time="1.073"/>
  <testcase classname="HomeWorkMar15.newToursTestNG" name="validateCity" time="1.120"/>
  <testcase classname="HomeWorkMar15.newToursTestNG" name="validateState" time="1.135"/>
  <testcase classname="HomeWorkMar15.newToursTestNG" name="validateLastName" time="1.162"/>
</testsuite> <!-- HomeWorkMar15.newToursTestNG -->
