<?xml version="1.0" encoding="UTF-8"?>
<!-- Generated by org.testng.reporters.JUnitReportReporter -->
<testsuite hostname="LAPTOP-DMU344E3" failures="0" tests="13" name="HomeWorkMar22.yahooAccount_hwC" time="8.104" errors="0" timestamp="31 Mar 2020 17:48:19 GMT">
  <testcase classname="HomeWorkMar22.yahooAccount_hwC" name="validatePrivacyPolicy" time="0.544"/>
  <testcase classname="HomeWorkMar22.yahooAccount_hwC" name="validateTerms" time="0.539"/>
  <testcase classname="HomeWorkMar22.yahooAccount_hwC" name="validateDate" time="0.626"/>
  <testcase classname="HomeWorkMar22.yahooAccount_hwC" name="validateSignIn" time="0.541"/>
  <testcase classname="HomeWorkMar22.yahooAccount_hwC" name="validateYear" time="0.630"/>
  <testcase classname="HomeWorkMar22.yahooAccount_hwC" name="validateLastName" time="0.637"/>
  <testcase classname="HomeWorkMar22.yahooAccount_hwC" name="validatePhone" time="0.689"/>
  <testcase classname="HomeWorkMar22.yahooAccount_hwC" name="validateId" time="0.714"/>
  <testcase classname="HomeWorkMar22.yahooAccount_hwC" name="validateContinueButton" time="0.536"/>
  <testcase classname="HomeWorkMar22.yahooAccount_hwC" name="validateGender" time="0.642"/>
  <testcase classname="HomeWorkMar22.yahooAccount_hwC" name="validateMonth" time="0.641"/>
  <testcase classname="HomeWorkMar22.yahooAccount_hwC" name="validatePassword" time="0.715"/>
  <testcase classname="HomeWorkMar22.yahooAccount_hwC" name="validateFirstName" time="0.650"/>
</testsuite> <!-- HomeWorkMar22.yahooAccount_hwC -->
