<?xml version="1.0" encoding="UTF-8"?>
<!-- Generated by org.testng.reporters.JUnitReportReporter -->
<testsuite hostname="LAPTOP-DMU344E3" failures="0" tests="8" name="HomeWorkMar15.automationPracticeTestNG" time="18.190" errors="0" timestamp="18 Mar 2020 09:01:27 GMT">
  <testcase classname="HomeWorkMar15.automationPracticeTestNG" name="validateBestSellers" time="2.917"/>
  <testcase classname="HomeWorkMar15.automationPracticeTestNG" name="validateSiteMap" time="2.004"/>
  <testcase classname="HomeWorkMar15.automationPracticeTestNG" name="validateTermsAndConditions" time="2.289"/>
  <testcase classname="HomeWorkMar15.automationPracticeTestNG" name="validateOurStores" time="2.761"/>
  <testcase classname="HomeWorkMar15.automationPracticeTestNG" name="validateContactUs" time="1.814"/>
  <testcase classname="HomeWorkMar15.automationPracticeTestNG" name="validateSpecials" time="2.085"/>
  <testcase classname="HomeWorkMar15.automationPracticeTestNG" name="validateAboutUs" time="1.944"/>
  <testcase classname="HomeWorkMar15.automationPracticeTestNG" name="validateNewProducts" time="2.376"/>
</testsuite> <!-- HomeWorkMar15.automationPracticeTestNG -->
