<?xml version="1.0" encoding="UTF-8"?>
<!-- Generated by org.testng.reporters.JUnitReportReporter -->
<testsuite hostname="LAPTOP-DMU344E3" failures="0" tests="23" name="HomeWorkMar22.automationPractice_hwD" time="15.690" errors="0" timestamp="2 Apr 2020 16:43:19 GMT">
  <testcase classname="HomeWorkMar22.automationPractice_hwD" name="validateHomePhone" time="0.680"/>
  <testcase classname="HomeWorkMar22.automationPractice_hwD" name="validateMonth" time="0.725"/>
  <testcase classname="HomeWorkMar22.automationPractice_hwD" name="validateAlias" time="0.676"/>
  <testcase classname="HomeWorkMar22.automationPractice_hwD" name="validateNewsLetter" time="0.586"/>
  <testcase classname="HomeWorkMar22.automationPractice_hwD" name="validateFirstName" time="0.696"/>
  <testcase classname="HomeWorkMar22.automationPractice_hwD" name="validateDate" time="0.682"/>
  <testcase classname="HomeWorkMar22.automationPractice_hwD" name="validateSpecialOffers" time="0.581"/>
  <testcase classname="HomeWorkMar22.automationPractice_hwD" name="validateSpecials" time="0.764"/>
  <testcase classname="HomeWorkMar22.automationPractice_hwD" name="validateAddress" time="0.796"/>
  <testcase classname="HomeWorkMar22.automationPractice_hwD" name="validateMobilePhone" time="0.662"/>
  <testcase classname="HomeWorkMar22.automationPractice_hwD" name="validateLastName" time="0.645"/>
  <testcase classname="HomeWorkMar22.automationPractice_hwD" name="validateCity" time="0.632"/>
  <testcase classname="HomeWorkMar22.automationPractice_hwD" name="validateAdditionalInformation" time="0.672"/>
  <testcase classname="HomeWorkMar22.automationPractice_hwD" name="validateRegister" time="0.548"/>
  <testcase classname="HomeWorkMar22.automationPractice_hwD" name="valdateZipCode" time="0.647"/>
  <testcase classname="HomeWorkMar22.automationPractice_hwD" name="validateUrl" time="0.512"/>
  <testcase classname="HomeWorkMar22.automationPractice_hwD" name="validateCompany" time="0.673"/>
  <testcase classname="HomeWorkMar22.automationPractice_hwD" name="valdateState" time="0.622"/>
  <testcase classname="HomeWorkMar22.automationPractice_hwD" name="validateCreateAccount" time="0.626"/>
  <testcase classname="HomeWorkMar22.automationPractice_hwD" name="validatePassword" time="0.673"/>
  <testcase classname="HomeWorkMar22.automationPractice_hwD" name="validateYear" time="0.633"/>
  <testcase classname="HomeWorkMar22.automationPractice_hwD" name="validateTitleMr" time="1.440"/>
  <testcase classname="HomeWorkMar22.automationPractice_hwD" name="validateTitle" time="0.519"/>
</testsuite> <!-- HomeWorkMar22.automationPractice_hwD -->
