<?xml version="1.0" encoding="UTF-8"?>
<!-- Generated by org.testng.reporters.JUnitReportReporter -->
<testsuite hostname="LAPTOP-DMU344E3" failures="0" tests="14" name="HomeWorkMar22.pageNewTours_hwA" time="8.614" errors="0" timestamp="31 Mar 2020 17:48:19 GMT">
  <testcase classname="HomeWorkMar22.pageNewTours_hwA" name="validateTitle" time="0.514"/>
  <testcase classname="HomeWorkMar22.pageNewTours_hwA" name="validatePhone" time="0.622"/>
  <testcase classname="HomeWorkMar22.pageNewTours_hwA" name="validateUrl" time="0.512"/>
  <testcase classname="HomeWorkMar22.pageNewTours_hwA" name="validateConfirmPassword" time="0.625"/>
  <testcase classname="HomeWorkMar22.pageNewTours_hwA" name="validateCity" time="0.623"/>
  <testcase classname="HomeWorkMar22.pageNewTours_hwA" name="validateSubmit" time="0.556"/>
  <testcase classname="HomeWorkMar22.pageNewTours_hwA" name="validateAddress" time="0.713"/>
  <testcase classname="HomeWorkMar22.pageNewTours_hwA" name="validateUserName" time="0.628"/>
  <testcase classname="HomeWorkMar22.pageNewTours_hwA" name="validateFirstName" time="0.638"/>
  <testcase classname="HomeWorkMar22.pageNewTours_hwA" name="validateEmail" time="0.704"/>
  <testcase classname="HomeWorkMar22.pageNewTours_hwA" name="validatePassword" time="0.641"/>
  <testcase classname="HomeWorkMar22.pageNewTours_hwA" name="validatePostalCode" time="0.597"/>
  <testcase classname="HomeWorkMar22.pageNewTours_hwA" name="validateLastName" time="0.603"/>
  <testcase classname="HomeWorkMar22.pageNewTours_hwA" name="validateState" time="0.638"/>
</testsuite> <!-- HomeWorkMar22.pageNewTours_hwA -->
