<?xml version="1.0" encoding="UTF-8"?>
<!-- Generated by org.testng.reporters.JUnitReportReporter -->
<testsuite hostname="LAPTOP-DMU344E3" failures="0" tests="8" name="HomeWorkMar15.automationPracticeTestNG" time="15.453" errors="0" timestamp="18 Mar 2020 07:37:12 GMT">
  <testcase classname="HomeWorkMar15.automationPracticeTestNG" name="validateBestSellers" time="1.890"/>
  <testcase classname="HomeWorkMar15.automationPracticeTestNG" name="validateSiteMap" time="1.760"/>
  <testcase classname="HomeWorkMar15.automationPracticeTestNG" name="validateTermsAndConditions" time="1.683"/>
  <testcase classname="HomeWorkMar15.automationPracticeTestNG" name="validateOurStores" time="2.341"/>
  <testcase classname="HomeWorkMar15.automationPracticeTestNG" name="validateContactUs" time="2.444"/>
  <testcase classname="HomeWorkMar15.automationPracticeTestNG" name="validateSpecials" time="1.856"/>
  <testcase classname="HomeWorkMar15.automationPracticeTestNG" name="validateAboutUs" time="1.709"/>
  <testcase classname="HomeWorkMar15.automationPracticeTestNG" name="validateNewProducts" time="1.770"/>
</testsuite> <!-- HomeWorkMar15.automationPracticeTestNG -->
