<?xml version="1.0" encoding="UTF-8"?>
<!-- Generated by org.testng.reporters.JUnitReportReporter -->
<testsuite hostname="LAPTOP-DMU344E3" failures="0" tests="23" name="HomeWorkMar22.automationPractice_hwD" time="15.489" errors="0" timestamp="27 Mar 2020 22:41:17 GMT">
  <testcase classname="HomeWorkMar22.automationPractice_hwD" name="validateCreateAccount" time="0.659"/>
  <testcase classname="HomeWorkMar22.automationPractice_hwD" name="validateLastName" time="0.703"/>
  <testcase classname="HomeWorkMar22.automationPractice_hwD" name="validateTitleMr" time="0.604"/>
  <testcase classname="HomeWorkMar22.automationPractice_hwD" name="valdateState" time="0.656"/>
  <testcase classname="HomeWorkMar22.automationPractice_hwD" name="validateMonth" time="0.750"/>
  <testcase classname="HomeWorkMar22.automationPractice_hwD" name="validateAdditionalInformation" time="0.670"/>
  <testcase classname="HomeWorkMar22.automationPractice_hwD" name="validateAddress" time="0.886"/>
  <testcase classname="HomeWorkMar22.automationPractice_hwD" name="validateSpecials" time="0.800"/>
  <testcase classname="HomeWorkMar22.automationPractice_hwD" name="validateHomePhone" time="0.722"/>
  <testcase classname="HomeWorkMar22.automationPractice_hwD" name="validateTitle" time="0.517"/>
  <testcase classname="HomeWorkMar22.automationPractice_hwD" name="validateYear" time="0.666"/>
  <testcase classname="HomeWorkMar22.automationPractice_hwD" name="validateUrl" time="0.513"/>
  <testcase classname="HomeWorkMar22.automationPractice_hwD" name="validateAlias" time="0.715"/>
  <testcase classname="HomeWorkMar22.automationPractice_hwD" name="validateSpecialOffers" time="0.618"/>
  <testcase classname="HomeWorkMar22.automationPractice_hwD" name="validateMobilePhone" time="0.702"/>
  <testcase classname="HomeWorkMar22.automationPractice_hwD" name="validateNewsLetter" time="0.625"/>
  <testcase classname="HomeWorkMar22.automationPractice_hwD" name="validateCompany" time="0.728"/>
  <testcase classname="HomeWorkMar22.automationPractice_hwD" name="validatePassword" time="0.697"/>
  <testcase classname="HomeWorkMar22.automationPractice_hwD" name="validateRegister" time="0.557"/>
  <testcase classname="HomeWorkMar22.automationPractice_hwD" name="validateCity" time="0.692"/>
  <testcase classname="HomeWorkMar22.automationPractice_hwD" name="valdateZipCode" time="0.675"/>
  <testcase classname="HomeWorkMar22.automationPractice_hwD" name="validateDate" time="0.666"/>
  <testcase classname="HomeWorkMar22.automationPractice_hwD" name="validateFirstName" time="0.668"/>
</testsuite> <!-- HomeWorkMar22.automationPractice_hwD -->
