<?xml version="1.0" encoding="UTF-8"?>
<!-- Generated by org.testng.reporters.JUnitReportReporter -->
<testsuite hostname="LAPTOP-DMU344E3" failures="0" tests="9" name="HomeWorkMar22.phpTravels_hwB" time="5.992" errors="0" timestamp="27 Mar 2020 22:41:17 GMT">
  <testcase classname="HomeWorkMar22.phpTravels_hwB" name="validateTitle" time="0.517"/>
  <testcase classname="HomeWorkMar22.phpTravels_hwB" name="validateConfirmPassword" time="0.703"/>
  <testcase classname="HomeWorkMar22.phpTravels_hwB" name="validateSignUp" time="0.566"/>
  <testcase classname="HomeWorkMar22.phpTravels_hwB" name="validateLastName" time="0.688"/>
  <testcase classname="HomeWorkMar22.phpTravels_hwB" name="validatePassword" time="0.711"/>
  <testcase classname="HomeWorkMar22.phpTravels_hwB" name="validateUrl" time="0.516"/>
  <testcase classname="HomeWorkMar22.phpTravels_hwB" name="validatePhone" time="0.758"/>
  <testcase classname="HomeWorkMar22.phpTravels_hwB" name="validateEmail" time="0.851"/>
  <testcase classname="HomeWorkMar22.phpTravels_hwB" name="validateFirstName" time="0.682"/>
</testsuite> <!-- HomeWorkMar22.phpTravels_hwB -->
