<?xml version="1.0" encoding="UTF-8"?>
<!-- Generated by org.testng.reporters.JUnitReportReporter -->
<testsuite hostname="LAPTOP-DMU344E3" failures="0" tests="14" name="HomeWorkMar22.pageNewTours_hwG" time="8.343" errors="0" timestamp="25 Mar 2020 04:35:44 GMT">
  <testcase classname="HomeWorkMar22.pageNewTours_hwG" name="validateLastName" time="0.599"/>
  <testcase classname="HomeWorkMar22.pageNewTours_hwG" name="validateAddress" time="0.683"/>
  <testcase classname="HomeWorkMar22.pageNewTours_hwG" name="validateUrl" time="0.514"/>
  <testcase classname="HomeWorkMar22.pageNewTours_hwG" name="validatePostalCode" time="0.591"/>
  <testcase classname="HomeWorkMar22.pageNewTours_hwG" name="validatePhone" time="0.618"/>
  <testcase classname="HomeWorkMar22.pageNewTours_hwG" name="validateEmail" time="0.653"/>
  <testcase classname="HomeWorkMar22.pageNewTours_hwG" name="validateConfirmPassword" time="0.593"/>
  <testcase classname="HomeWorkMar22.pageNewTours_hwG" name="validateState" time="0.604"/>
  <testcase classname="HomeWorkMar22.pageNewTours_hwG" name="validateCity" time="0.598"/>
  <testcase classname="HomeWorkMar22.pageNewTours_hwG" name="validateUserName" time="0.597"/>
  <testcase classname="HomeWorkMar22.pageNewTours_hwG" name="validateSubmit" time="0.550"/>
  <testcase classname="HomeWorkMar22.pageNewTours_hwG" name="validateFirstName" time="0.627"/>
  <testcase classname="HomeWorkMar22.pageNewTours_hwG" name="validatePassword" time="0.601"/>
  <testcase classname="HomeWorkMar22.pageNewTours_hwG" name="validateTitle" time="0.515"/>
</testsuite> <!-- HomeWorkMar22.pageNewTours_hwG -->
