<?xml version="1.0" encoding="UTF-8"?>
<!-- Generated by org.testng.reporters.JUnitReportReporter -->
<testsuite hostname="LAPTOP-DMU344E3" failures="0" tests="9" name="HomeWorkMar22.phpTravels_hwB" time="5.986" errors="0" timestamp="25 Mar 2020 05:05:27 GMT">
  <testcase classname="HomeWorkMar22.phpTravels_hwB" name="validatePassword" time="0.697"/>
  <testcase classname="HomeWorkMar22.phpTravels_hwB" name="validateSignUp" time="0.558"/>
  <testcase classname="HomeWorkMar22.phpTravels_hwB" name="validateLastName" time="0.686"/>
  <testcase classname="HomeWorkMar22.phpTravels_hwB" name="validatePhone" time="0.777"/>
  <testcase classname="HomeWorkMar22.phpTravels_hwB" name="validateTitle" time="0.514"/>
  <testcase classname="HomeWorkMar22.phpTravels_hwB" name="validateUrl" time="0.518"/>
  <testcase classname="HomeWorkMar22.phpTravels_hwB" name="validateEmail" time="0.836"/>
  <testcase classname="HomeWorkMar22.phpTravels_hwB" name="validateFirstName" time="0.694"/>
  <testcase classname="HomeWorkMar22.phpTravels_hwB" name="validateConfirmPassword" time="0.706"/>
</testsuite> <!-- HomeWorkMar22.phpTravels_hwB -->
