<?xml version="1.0" encoding="UTF-8"?>
<!-- Generated by org.testng.reporters.JUnitReportReporter -->
<testsuite hostname="LAPTOP-DMU344E3" failures="0" tests="9" name="HomeWorkMar22.phpTravels_hwB" time="5.700" errors="0" timestamp="31 Mar 2020 17:48:19 GMT">
  <testcase classname="HomeWorkMar22.phpTravels_hwB" name="validateSignUp" time="0.548"/>
  <testcase classname="HomeWorkMar22.phpTravels_hwB" name="validatePassword" time="0.661"/>
  <testcase classname="HomeWorkMar22.phpTravels_hwB" name="validateTitle" time="0.516"/>
  <testcase classname="HomeWorkMar22.phpTravels_hwB" name="validateConfirmPassword" time="0.661"/>
  <testcase classname="HomeWorkMar22.phpTravels_hwB" name="validateEmail" time="0.783"/>
  <testcase classname="HomeWorkMar22.phpTravels_hwB" name="validateLastName" time="0.665"/>
  <testcase classname="HomeWorkMar22.phpTravels_hwB" name="validateUrl" time="0.514"/>
  <testcase classname="HomeWorkMar22.phpTravels_hwB" name="validateFirstName" time="0.644"/>
  <testcase classname="HomeWorkMar22.phpTravels_hwB" name="validatePhone" time="0.708"/>
</testsuite> <!-- HomeWorkMar22.phpTravels_hwB -->
