<?xml version="1.0" encoding="UTF-8"?>
<!-- Generated by org.testng.reporters.JUnitReportReporter -->
<testsuite hostname="LAPTOP-DMU344E3" failures="0" tests="13" name="HomeWorkMar15.yahooAccountTestNG" time="8.157" errors="0" timestamp="24 Mar 2020 19:17:59 GMT">
  <testcase classname="HomeWorkMar15.yahooAccountTestNG" name="validatePassword" time="0.696"/>
  <testcase classname="HomeWorkMar15.yahooAccountTestNG" name="validateSignIn" time="0.554"/>
  <testcase classname="HomeWorkMar15.yahooAccountTestNG" name="validateGender" time="0.646"/>
  <testcase classname="HomeWorkMar15.yahooAccountTestNG" name="validatePrivacyPolicy" time="0.543"/>
  <testcase classname="HomeWorkMar15.yahooAccountTestNG" name="validateContinueButton" time="0.546"/>
  <testcase classname="HomeWorkMar15.yahooAccountTestNG" name="validatePhone" time="0.675"/>
  <testcase classname="HomeWorkMar15.yahooAccountTestNG" name="validateTerms" time="0.552"/>
  <testcase classname="HomeWorkMar15.yahooAccountTestNG" name="validateYear" time="0.621"/>
  <testcase classname="HomeWorkMar15.yahooAccountTestNG" name="validateFirstName" time="0.709"/>
  <testcase classname="HomeWorkMar15.yahooAccountTestNG" name="validateMonth" time="0.654"/>
  <testcase classname="HomeWorkMar15.yahooAccountTestNG" name="validateDate" time="0.619"/>
  <testcase classname="HomeWorkMar15.yahooAccountTestNG" name="validateId" time="0.688"/>
  <testcase classname="HomeWorkMar15.yahooAccountTestNG" name="validateLastName" time="0.654"/>
</testsuite> <!-- HomeWorkMar15.yahooAccountTestNG -->
