<?xml version="1.0" encoding="UTF-8"?>
<!-- Generated by org.testng.reporters.JUnitReportReporter -->
<testsuite hostname="LAPTOP-DMU344E3" failures="0" tests="13" name="HomeWorkMar22.yahooAccount_hwC" time="7.651" errors="0" timestamp="25 Mar 2020 04:43:48 GMT">
  <testcase classname="HomeWorkMar22.yahooAccount_hwC" name="validateContinueButton" time="0.530"/>
  <testcase classname="HomeWorkMar22.yahooAccount_hwC" name="validateFirstName" time="0.621"/>
  <testcase classname="HomeWorkMar22.yahooAccount_hwC" name="validateYear" time="0.592"/>
  <testcase classname="HomeWorkMar22.yahooAccount_hwC" name="validateDate" time="0.588"/>
  <testcase classname="HomeWorkMar22.yahooAccount_hwC" name="validateSignIn" time="0.537"/>
  <testcase classname="HomeWorkMar22.yahooAccount_hwC" name="validateGender" time="0.598"/>
  <testcase classname="HomeWorkMar22.yahooAccount_hwC" name="validateTerms" time="0.538"/>
  <testcase classname="HomeWorkMar22.yahooAccount_hwC" name="validatePhone" time="0.626"/>
  <testcase classname="HomeWorkMar22.yahooAccount_hwC" name="validatePrivacyPolicy" time="0.531"/>
  <testcase classname="HomeWorkMar22.yahooAccount_hwC" name="validateId" time="0.637"/>
  <testcase classname="HomeWorkMar22.yahooAccount_hwC" name="validateLastName" time="0.606"/>
  <testcase classname="HomeWorkMar22.yahooAccount_hwC" name="validatePassword" time="0.626"/>
  <testcase classname="HomeWorkMar22.yahooAccount_hwC" name="validateMonth" time="0.621"/>
</testsuite> <!-- HomeWorkMar22.yahooAccount_hwC -->
