<?xml version="1.0" encoding="UTF-8"?>
<!-- Generated by org.testng.reporters.JUnitReportReporter -->
<testsuite hostname="LAPTOP-DMU344E3" failures="0" tests="13" name="HomeWorkMar22.yahooAccount_hwC" time="8.204" errors="0" timestamp="25 Mar 2020 05:05:27 GMT">
  <testcase classname="HomeWorkMar22.yahooAccount_hwC" name="validateGender" time="0.641"/>
  <testcase classname="HomeWorkMar22.yahooAccount_hwC" name="validatePrivacyPolicy" time="0.548"/>
  <testcase classname="HomeWorkMar22.yahooAccount_hwC" name="validateMonth" time="0.651"/>
  <testcase classname="HomeWorkMar22.yahooAccount_hwC" name="validateId" time="0.723"/>
  <testcase classname="HomeWorkMar22.yahooAccount_hwC" name="validatePassword" time="0.718"/>
  <testcase classname="HomeWorkMar22.yahooAccount_hwC" name="validateYear" time="0.627"/>
  <testcase classname="HomeWorkMar22.yahooAccount_hwC" name="validateDate" time="0.624"/>
  <testcase classname="HomeWorkMar22.yahooAccount_hwC" name="validateTerms" time="0.546"/>
  <testcase classname="HomeWorkMar22.yahooAccount_hwC" name="validateContinueButton" time="0.543"/>
  <testcase classname="HomeWorkMar22.yahooAccount_hwC" name="validatePhone" time="0.694"/>
  <testcase classname="HomeWorkMar22.yahooAccount_hwC" name="validateLastName" time="0.647"/>
  <testcase classname="HomeWorkMar22.yahooAccount_hwC" name="validateSignIn" time="0.555"/>
  <testcase classname="HomeWorkMar22.yahooAccount_hwC" name="validateFirstName" time="0.687"/>
</testsuite> <!-- HomeWorkMar22.yahooAccount_hwC -->
