<?xml version="1.0" encoding="UTF-8"?>
<!-- Generated by org.testng.reporters.JUnitReportReporter -->
<testsuite hostname="LAPTOP-DMU344E3" failures="0" tests="14" name="HomeWorkMar22.pageNewTours_hwA" time="8.206" errors="0" timestamp="25 Mar 2020 04:43:48 GMT">
  <testcase classname="HomeWorkMar22.pageNewTours_hwA" name="validateConfirmPassword" time="0.590"/>
  <testcase classname="HomeWorkMar22.pageNewTours_hwA" name="validateUrl" time="0.511"/>
  <testcase classname="HomeWorkMar22.pageNewTours_hwA" name="validateCity" time="0.587"/>
  <testcase classname="HomeWorkMar22.pageNewTours_hwA" name="validatePhone" time="0.627"/>
  <testcase classname="HomeWorkMar22.pageNewTours_hwA" name="validateState" time="0.599"/>
  <testcase classname="HomeWorkMar22.pageNewTours_hwA" name="validateTitle" time="0.515"/>
  <testcase classname="HomeWorkMar22.pageNewTours_hwA" name="validateEmail" time="0.617"/>
  <testcase classname="HomeWorkMar22.pageNewTours_hwA" name="validateLastName" time="0.574"/>
  <testcase classname="HomeWorkMar22.pageNewTours_hwA" name="validatePassword" time="0.597"/>
  <testcase classname="HomeWorkMar22.pageNewTours_hwA" name="validateUserName" time="0.589"/>
  <testcase classname="HomeWorkMar22.pageNewTours_hwA" name="validateSubmit" time="0.553"/>
  <testcase classname="HomeWorkMar22.pageNewTours_hwA" name="validateAddress" time="0.652"/>
  <testcase classname="HomeWorkMar22.pageNewTours_hwA" name="validatePostalCode" time="0.581"/>
  <testcase classname="HomeWorkMar22.pageNewTours_hwA" name="validateFirstName" time="0.614"/>
</testsuite> <!-- HomeWorkMar22.pageNewTours_hwA -->
